<?xml version="1.0" encoding="UTF-8"?>
<testng-results ignored="0" total="1" passed="1" failed="0" skipped="0">
  <reporter-output>
  </reporter-output>
  <suite started-at="2023-03-15T20:35:15 WAT" name="Default suite" finished-at="2023-03-15T20:35:29 WAT" duration-ms="13789">
    <groups>
    </groups>
    <test started-at="2023-03-15T20:35:15 WAT" name="Default test" finished-at="2023-03-15T20:35:29 WAT" duration-ms="13789">
      <class name="greenmouse.ExtentReports.ExtentReportsDemo">
        <test-method is-config="true" signature="config()[pri:0, instance:greenmouse.ExtentReports.ExtentReportsDemo@636be97c]" started-at="2023-03-15T20:35:15 WAT" name="config" finished-at="2023-03-15T20:35:15 WAT" duration-ms="193" status="PASS">
          <reporter-output>
          </reporter-output>
        </test-method> <!-- config -->
        <test-method signature="initialDemo()[pri:0, instance:greenmouse.ExtentReports.ExtentReportsDemo@636be97c]" started-at="2023-03-15T20:35:15 WAT" name="initialDemo" finished-at="2023-03-15T20:35:29 WAT" duration-ms="13567" status="PASS">
          <reporter-output>
          </reporter-output>
        </test-method> <!-- initialDemo -->
      </class> <!-- greenmouse.ExtentReports.ExtentReportsDemo -->
    </test> <!-- Default test -->
  </suite> <!-- Default suite -->
</testng-results>
